<?xml version="1.0" encoding="UTF-8"?>
<!-- Generated by org.testng.reporters.JUnitXMLReporter -->
<testsuite ignored="0" hostname="MacBook-Pro-3.local" failures="1" tests="2" name="Command line test" time="47.307" errors="0" timestamp="23 Jan 2023 21:33:44 GMT">
  <testcase classname="org.example.pageobject.FindYourCareerTest" name="findAnyJobOffersForPoland" time="6.132">
    <failure type="java.lang.AssertionError" message="null">
      <![CDATA[java.lang.AssertionError: null
	at org.example.pageobject.FindYourCareerTest.findAnyJobOffersForPoland(FindYourCareerTest.java:18)
... Removed 38 stack frames]]>
    </failure>
  </testcase> <!-- findAnyJobOffersForPoland -->
  <testcase classname="org.example.pageobject.FindYourCareerTest" name="findZeroJobOffer" time="2.347"/>
</testsuite> <!-- Command line test -->
